<?xml version="1.0" encoding="UTF-8"?>
<!-- Generated by org.testng.reporters.JUnitXMLReporter -->
<testsuite hostname="selenium" failures="1" tests="6" name="Surefire test" time="8.14" errors="0" timestamp="3 Oct 2025 11:09:22 GMT">
  <testcase classname="com.ejemplo.selenium.Testa" name="@BeforeMethod setup" time="0.0">
    <failure type="org.testng.TestNGException" message="
Parameter &amp;apos;browser&amp;apos; is required by @Configuration on method setup but has not been marked @Optional or defined
">
      <![CDATA[org.testng.TestNGException: 
Parameter 'browser' is required by @Configuration on method setup but has not been marked @Optional or defined

... Removed 28 stack frames]]>
    </failure>
  </testcase> <!-- @BeforeMethod setup -->
  <testcase classname="com.ejemplo.selenium.TesttNGBBDD" name="testAlgo" time="0.406"/>
  <testcase classname="com.ejemplo.selenium.TesttNGBBDD" name="testAlgo" time="0.439"/>
  <testcase classname="com.ejemplo.selenium.TesttNGBBDD" name="testAlgo" time="0.414"/>
  <testcase classname="com.ejemplo.selenium.TesttNGBBDD" name="testAlgo" time="0.417">
    <failure type="java.lang.AssertionError" message="expected [2.4] but found [2.4000000000000004]">
      <![CDATA[java.lang.AssertionError: expected [2.4] but found [2.4000000000000004]
	at com.ejemplo.selenium.TesttNGBBDD.testAlgo(TesttNGBBDD.java:49)
... Removed 32 stack frames]]>
    </failure>
  </testcase> <!-- testAlgo -->
  <testcase classname="com.ejemplo.selenium.TesttNGBBDD" name="testAlgo" time="0.429"/>
  <testcase classname="com.ejemplo.selenium.Testa" name="testUno" time="0.0">
    <skipped/>
  </testcase> <!-- testUno -->
</testsuite> <!-- Surefire test -->
