<?xml version="1.0" encoding="UTF-8"?>
<testng-results total="6" passed="4" failed="1" skipped="1">
  <reporter-output>
  </reporter-output>
  <suite started-at="2025-10-03T11:09:14Z" name="Surefire suite" finished-at="2025-10-03T11:09:22Z" duration-ms="8140">
    <groups>
    </groups>
    <test started-at="2025-10-03T11:09:14Z" name="Surefire test" finished-at="2025-10-03T11:09:22Z" duration-ms="8140">
      <class name="com.ejemplo.selenium.Testa">
        <test-method is-config="true" signature="setup(java.lang.String)[pri:0, instance:com.ejemplo.selenium.Testa@27d415d9]" started-at="2025-10-03T11:09:22Z" name="setup" finished-at="2025-10-03T11:09:22Z" duration-ms="0" status="FAIL">
          <exception class="org.testng.TestNGException">
            <message>
              <![CDATA[
Parameter 'browser' is required by @Configuration on method setup but has not been marked @Optional or defined
]]>
            </message>
            <full-stacktrace>
              <![CDATA[org.testng.TestNGException: 
Parameter 'browser' is required by @Configuration on method setup but has not been marked @Optional or defined

	at org.testng.internal.Parameters.createParameters(Parameters.java:165)
	at org.testng.internal.Parameters.createParameters(Parameters.java:372)
	at org.testng.internal.Parameters.createConfigurationParameters(Parameters.java:90)
	at org.testng.internal.Invoker.invokeConfigurations(Invoker.java:199)
	at org.testng.internal.Invoker.invokeMethod(Invoker.java:601)
	at org.testng.internal.Invoker.invokeTestMethod(Invoker.java:845)
	at org.testng.internal.Invoker.invokeTestMethods(Invoker.java:1153)
	at org.testng.internal.TestMethodWorker.invokeTestMethods(TestMethodWorker.java:125)
	at org.testng.internal.TestMethodWorker.run(TestMethodWorker.java:108)
	at org.testng.TestRunner.privateRun(TestRunner.java:771)
	at org.testng.TestRunner.run(TestRunner.java:621)
	at org.testng.SuiteRunner.runTest(SuiteRunner.java:357)
	at org.testng.SuiteRunner.runSequentially(SuiteRunner.java:352)
	at org.testng.SuiteRunner.privateRun(SuiteRunner.java:310)
	at org.testng.SuiteRunner.run(SuiteRunner.java:259)
	at org.testng.SuiteRunnerWorker.runSuite(SuiteRunnerWorker.java:52)
	at org.testng.SuiteRunnerWorker.run(SuiteRunnerWorker.java:86)
	at org.testng.TestNG.runSuitesSequentially(TestNG.java:1199)
	at org.testng.TestNG.runSuitesLocally(TestNG.java:1124)
	at org.testng.TestNG.run(TestNG.java:1032)
	at org.apache.maven.surefire.testng.TestNGExecutor.run(TestNGExecutor.java:155)
	at org.apache.maven.surefire.testng.TestNGDirectoryTestSuite.executeMulti(TestNGDirectoryTestSuite.java:169)
	at org.apache.maven.surefire.testng.TestNGDirectoryTestSuite.execute(TestNGDirectoryTestSuite.java:88)
	at org.apache.maven.surefire.testng.TestNGProvider.invoke(TestNGProvider.java:137)
	at org.apache.maven.surefire.booter.ForkedBooter.runSuitesInProcess(ForkedBooter.java:385)
	at org.apache.maven.surefire.booter.ForkedBooter.execute(ForkedBooter.java:162)
	at org.apache.maven.surefire.booter.ForkedBooter.run(ForkedBooter.java:507)
	at org.apache.maven.surefire.booter.ForkedBooter.main(ForkedBooter.java:495)
]]>
            </full-stacktrace>
          </exception> <!-- org.testng.TestNGException -->
          <reporter-output>
          </reporter-output>
        </test-method> <!-- setup -->
        <test-method signature="testUno()[pri:0, instance:com.ejemplo.selenium.Testa@27d415d9]" started-at="2025-10-03T11:09:22Z" name="testUno" finished-at="2025-10-03T11:09:22Z" duration-ms="0" status="SKIP">
          <reporter-output>
          </reporter-output>
        </test-method> <!-- testUno -->
      </class> <!-- com.ejemplo.selenium.Testa -->
      <class name="com.ejemplo.selenium.TesttNGBBDD">
        <test-method is-config="true" signature="alComienzo()[pri:0, instance:com.ejemplo.selenium.TesttNGBBDD@1f021e6c]" started-at="2025-10-03T11:09:14Z" name="alComienzo" finished-at="2025-10-03T11:09:14Z" duration-ms="8" status="PASS">
          <reporter-output>
          </reporter-output>
        </test-method> <!-- alComienzo -->
        <test-method is-config="true" signature="antesDeCadaTest()[pri:0, instance:com.ejemplo.selenium.TesttNGBBDD@1f021e6c]" started-at="2025-10-03T11:09:14Z" name="antesDeCadaTest" finished-at="2025-10-03T11:09:16Z" duration-ms="1410" status="PASS">
          <reporter-output>
          </reporter-output>
        </test-method> <!-- antesDeCadaTest -->
        <test-method signature="testAlgo(java.lang.String, java.lang.String, java.lang.String)[pri:0, instance:com.ejemplo.selenium.TesttNGBBDD@1f021e6c]" started-at="2025-10-03T11:09:16Z" name="testAlgo" data-provider="data1" finished-at="2025-10-03T11:09:16Z" duration-ms="406" status="PASS">
          <params>
            <param index="0">
              <value>
                <![CDATA[1]]>
              </value>
            </param>
            <param index="1">
              <value>
                <![CDATA[1]]>
              </value>
            </param>
            <param index="2">
              <value>
                <![CDATA[2]]>
              </value>
            </param>
          </params>
          <reporter-output>
          </reporter-output>
        </test-method> <!-- testAlgo -->
        <test-method is-config="true" signature="tearDown()[pri:0, instance:com.ejemplo.selenium.TesttNGBBDD@1f021e6c]" started-at="2025-10-03T11:09:16Z" name="tearDown" finished-at="2025-10-03T11:09:16Z" duration-ms="75" status="PASS">
          <reporter-output>
          </reporter-output>
        </test-method> <!-- tearDown -->
        <test-method is-config="true" signature="antesDeCadaTest()[pri:0, instance:com.ejemplo.selenium.TesttNGBBDD@1f021e6c]" started-at="2025-10-03T11:09:16Z" name="antesDeCadaTest" finished-at="2025-10-03T11:09:17Z" duration-ms="910" status="PASS">
          <reporter-output>
          </reporter-output>
        </test-method> <!-- antesDeCadaTest -->
        <test-method signature="testAlgo(java.lang.String, java.lang.String, java.lang.String)[pri:0, instance:com.ejemplo.selenium.TesttNGBBDD@1f021e6c]" started-at="2025-10-03T11:09:17Z" name="testAlgo" data-provider="data1" finished-at="2025-10-03T11:09:17Z" duration-ms="439" status="PASS">
          <params>
            <param index="0">
              <value>
                <![CDATA[2]]>
              </value>
            </param>
            <param index="1">
              <value>
                <![CDATA[3]]>
              </value>
            </param>
            <param index="2">
              <value>
                <![CDATA[5]]>
              </value>
            </param>
          </params>
          <reporter-output>
          </reporter-output>
        </test-method> <!-- testAlgo -->
        <test-method is-config="true" signature="tearDown()[pri:0, instance:com.ejemplo.selenium.TesttNGBBDD@1f021e6c]" started-at="2025-10-03T11:09:17Z" name="tearDown" finished-at="2025-10-03T11:09:17Z" duration-ms="80" status="PASS">
          <reporter-output>
          </reporter-output>
        </test-method> <!-- tearDown -->
        <test-method is-config="true" signature="antesDeCadaTest()[pri:0, instance:com.ejemplo.selenium.TesttNGBBDD@1f021e6c]" started-at="2025-10-03T11:09:17Z" name="antesDeCadaTest" finished-at="2025-10-03T11:09:18Z" duration-ms="944" status="PASS">
          <reporter-output>
          </reporter-output>
        </test-method> <!-- antesDeCadaTest -->
        <test-method signature="testAlgo(java.lang.String, java.lang.String, java.lang.String)[pri:0, instance:com.ejemplo.selenium.TesttNGBBDD@1f021e6c]" started-at="2025-10-03T11:09:18Z" name="testAlgo" data-provider="data1" finished-at="2025-10-03T11:09:19Z" duration-ms="414" status="PASS">
          <params>
            <param index="0">
              <value>
                <![CDATA[4]]>
              </value>
            </param>
            <param index="1">
              <value>
                <![CDATA[1]]>
              </value>
            </param>
            <param index="2">
              <value>
                <![CDATA[5]]>
              </value>
            </param>
          </params>
          <reporter-output>
          </reporter-output>
        </test-method> <!-- testAlgo -->
        <test-method is-config="true" signature="tearDown()[pri:0, instance:com.ejemplo.selenium.TesttNGBBDD@1f021e6c]" started-at="2025-10-03T11:09:19Z" name="tearDown" finished-at="2025-10-03T11:09:19Z" duration-ms="70" status="PASS">
          <reporter-output>
          </reporter-output>
        </test-method> <!-- tearDown -->
        <test-method is-config="true" signature="antesDeCadaTest()[pri:0, instance:com.ejemplo.selenium.TesttNGBBDD@1f021e6c]" started-at="2025-10-03T11:09:19Z" name="antesDeCadaTest" finished-at="2025-10-03T11:09:20Z" duration-ms="935" status="PASS">
          <reporter-output>
          </reporter-output>
        </test-method> <!-- antesDeCadaTest -->
        <test-method signature="testAlgo(java.lang.String, java.lang.String, java.lang.String)[pri:0, instance:com.ejemplo.selenium.TesttNGBBDD@1f021e6c]" started-at="2025-10-03T11:09:20Z" name="testAlgo" data-provider="data1" finished-at="2025-10-03T11:09:20Z" duration-ms="417" status="FAIL">
          <params>
            <param index="0">
              <value>
                <![CDATA[1,1]]>
              </value>
            </param>
            <param index="1">
              <value>
                <![CDATA[1,3]]>
              </value>
            </param>
            <param index="2">
              <value>
                <![CDATA[2.4]]>
              </value>
            </param>
          </params>
          <exception class="java.lang.AssertionError">
            <message>
              <![CDATA[expected [2.4] but found [2.4000000000000004]]]>
            </message>
            <full-stacktrace>
              <![CDATA[java.lang.AssertionError: expected [2.4] but found [2.4000000000000004]
	at org.testng.Assert.fail(Assert.java:94)
	at org.testng.Assert.failNotEquals(Assert.java:496)
	at org.testng.Assert.assertEquals(Assert.java:125)
	at org.testng.Assert.assertEquals(Assert.java:178)
	at org.testng.Assert.assertEquals(Assert.java:188)
	at com.ejemplo.selenium.TesttNGBBDD.testAlgo(TesttNGBBDD.java:49)
	at java.base/jdk.internal.reflect.DirectMethodHandleAccessor.invoke(DirectMethodHandleAccessor.java:103)
	at java.base/java.lang.reflect.Method.invoke(Method.java:580)
	at org.testng.internal.MethodInvocationHelper.invokeMethod(MethodInvocationHelper.java:85)
	at org.testng.internal.Invoker.invokeMethod(Invoker.java:659)
	at org.testng.internal.Invoker.invokeTestMethod(Invoker.java:845)
	at org.testng.internal.Invoker.invokeTestMethods(Invoker.java:1153)
	at org.testng.internal.TestMethodWorker.invokeTestMethods(TestMethodWorker.java:125)
	at org.testng.internal.TestMethodWorker.run(TestMethodWorker.java:108)
	at org.testng.TestRunner.privateRun(TestRunner.java:771)
	at org.testng.TestRunner.run(TestRunner.java:621)
	at org.testng.SuiteRunner.runTest(SuiteRunner.java:357)
	at org.testng.SuiteRunner.runSequentially(SuiteRunner.java:352)
	at org.testng.SuiteRunner.privateRun(SuiteRunner.java:310)
	at org.testng.SuiteRunner.run(SuiteRunner.java:259)
	at org.testng.SuiteRunnerWorker.runSuite(SuiteRunnerWorker.java:52)
	at org.testng.SuiteRunnerWorker.run(SuiteRunnerWorker.java:86)
	at org.testng.TestNG.runSuitesSequentially(TestNG.java:1199)
	at org.testng.TestNG.runSuitesLocally(TestNG.java:1124)
	at org.testng.TestNG.run(TestNG.java:1032)
	at org.apache.maven.surefire.testng.TestNGExecutor.run(TestNGExecutor.java:155)
	at org.apache.maven.surefire.testng.TestNGDirectoryTestSuite.executeMulti(TestNGDirectoryTestSuite.java:169)
	at org.apache.maven.surefire.testng.TestNGDirectoryTestSuite.execute(TestNGDirectoryTestSuite.java:88)
	at org.apache.maven.surefire.testng.TestNGProvider.invoke(TestNGProvider.java:137)
	at org.apache.maven.surefire.booter.ForkedBooter.runSuitesInProcess(ForkedBooter.java:385)
	at org.apache.maven.surefire.booter.ForkedBooter.execute(ForkedBooter.java:162)
	at org.apache.maven.surefire.booter.ForkedBooter.run(ForkedBooter.java:507)
	at org.apache.maven.surefire.booter.ForkedBooter.main(ForkedBooter.java:495)
]]>
            </full-stacktrace>
          </exception> <!-- java.lang.AssertionError -->
          <reporter-output>
          </reporter-output>
        </test-method> <!-- testAlgo -->
        <test-method is-config="true" signature="tearDown()[pri:0, instance:com.ejemplo.selenium.TesttNGBBDD@1f021e6c]" started-at="2025-10-03T11:09:20Z" name="tearDown" finished-at="2025-10-03T11:09:20Z" duration-ms="71" status="PASS">
          <reporter-output>
          </reporter-output>
        </test-method> <!-- tearDown -->
        <test-method is-config="true" signature="antesDeCadaTest()[pri:0, instance:com.ejemplo.selenium.TesttNGBBDD@1f021e6c]" started-at="2025-10-03T11:09:20Z" name="antesDeCadaTest" finished-at="2025-10-03T11:09:21Z" duration-ms="837" status="PASS">
          <reporter-output>
          </reporter-output>
        </test-method> <!-- antesDeCadaTest -->
        <test-method signature="testAlgo(java.lang.String, java.lang.String, java.lang.String)[pri:0, instance:com.ejemplo.selenium.TesttNGBBDD@1f021e6c]" started-at="2025-10-03T11:09:21Z" name="testAlgo" data-provider="data1" finished-at="2025-10-03T11:09:22Z" duration-ms="429" status="PASS">
          <params>
            <param index="0">
              <value>
                <![CDATA[1.1]]>
              </value>
            </param>
            <param index="1">
              <value>
                <![CDATA[1.1]]>
              </value>
            </param>
            <param index="2">
              <value>
                <![CDATA[2.2]]>
              </value>
            </param>
          </params>
          <reporter-output>
          </reporter-output>
        </test-method> <!-- testAlgo -->
        <test-method is-config="true" signature="tearDown()[pri:0, instance:com.ejemplo.selenium.TesttNGBBDD@1f021e6c]" started-at="2025-10-03T11:09:22Z" name="tearDown" finished-at="2025-10-03T11:09:22Z" duration-ms="79" status="PASS">
          <reporter-output>
          </reporter-output>
        </test-method> <!-- tearDown -->
      </class> <!-- com.ejemplo.selenium.TesttNGBBDD -->
    </test> <!-- Surefire test -->
  </suite> <!-- Surefire suite -->
</testng-results>
