<?xml version="1.0" encoding="UTF-8"?>
<testng-results total="5" passed="4" failed="1" skipped="0">
  <reporter-output>
  </reporter-output>
  <suite started-at="2025-10-03T08:21:48Z" name="Default suite" finished-at="2025-10-03T08:21:57Z" duration-ms="8995">
    <groups>
    </groups>
    <test started-at="2025-10-03T08:21:48Z" name="Default test" finished-at="2025-10-03T08:21:57Z" duration-ms="8995">
      <class name="com.ejemplo.selenium.TesttNGBBDD">
        <test-method is-config="true" signature="alComienzo()[pri:0, instance:com.ejemplo.selenium.TesttNGBBDD@5d0bf09b]" started-at="2025-10-03T08:21:48Z" name="alComienzo" finished-at="2025-10-03T08:21:48Z" duration-ms="10" status="PASS">
          <reporter-output>
          </reporter-output>
        </test-method> <!-- alComienzo -->
        <test-method is-config="true" signature="antesDeCadaTest()[pri:0, instance:com.ejemplo.selenium.TesttNGBBDD@5d0bf09b]" started-at="2025-10-03T08:21:49Z" name="antesDeCadaTest" finished-at="2025-10-03T08:21:50Z" duration-ms="1471" status="PASS">
          <reporter-output>
          </reporter-output>
        </test-method> <!-- antesDeCadaTest -->
        <test-method signature="testAlgo(java.lang.String, java.lang.String, java.lang.String)[pri:0, instance:com.ejemplo.selenium.TesttNGBBDD@5d0bf09b]" started-at="2025-10-03T08:21:50Z" name="testAlgo" data-provider="data1" finished-at="2025-10-03T08:21:51Z" duration-ms="499" status="PASS">
          <params>
            <param index="0">
              <value>
                <![CDATA[1]]>
              </value>
            </param>
            <param index="1">
              <value>
                <![CDATA[1]]>
              </value>
            </param>
            <param index="2">
              <value>
                <![CDATA[2]]>
              </value>
            </param>
          </params>
          <reporter-output>
          </reporter-output>
        </test-method> <!-- testAlgo -->
        <test-method is-config="true" signature="tearDown()[pri:0, instance:com.ejemplo.selenium.TesttNGBBDD@5d0bf09b]" started-at="2025-10-03T08:21:51Z" name="tearDown" finished-at="2025-10-03T08:21:51Z" duration-ms="88" status="PASS">
          <reporter-output>
          </reporter-output>
        </test-method> <!-- tearDown -->
        <test-method is-config="true" signature="antesDeCadaTest()[pri:0, instance:com.ejemplo.selenium.TesttNGBBDD@5d0bf09b]" started-at="2025-10-03T08:21:51Z" name="antesDeCadaTest" finished-at="2025-10-03T08:21:52Z" duration-ms="1064" status="PASS">
          <reporter-output>
          </reporter-output>
        </test-method> <!-- antesDeCadaTest -->
        <test-method signature="testAlgo(java.lang.String, java.lang.String, java.lang.String)[pri:0, instance:com.ejemplo.selenium.TesttNGBBDD@5d0bf09b]" started-at="2025-10-03T08:21:52Z" name="testAlgo" data-provider="data1" finished-at="2025-10-03T08:21:53Z" duration-ms="515" status="PASS">
          <params>
            <param index="0">
              <value>
                <![CDATA[2]]>
              </value>
            </param>
            <param index="1">
              <value>
                <![CDATA[3]]>
              </value>
            </param>
            <param index="2">
              <value>
                <![CDATA[5]]>
              </value>
            </param>
          </params>
          <reporter-output>
          </reporter-output>
        </test-method> <!-- testAlgo -->
        <test-method is-config="true" signature="tearDown()[pri:0, instance:com.ejemplo.selenium.TesttNGBBDD@5d0bf09b]" started-at="2025-10-03T08:21:53Z" name="tearDown" finished-at="2025-10-03T08:21:53Z" duration-ms="132" status="PASS">
          <reporter-output>
          </reporter-output>
        </test-method> <!-- tearDown -->
        <test-method is-config="true" signature="antesDeCadaTest()[pri:0, instance:com.ejemplo.selenium.TesttNGBBDD@5d0bf09b]" started-at="2025-10-03T08:21:53Z" name="antesDeCadaTest" finished-at="2025-10-03T08:21:54Z" duration-ms="1088" status="PASS">
          <reporter-output>
          </reporter-output>
        </test-method> <!-- antesDeCadaTest -->
        <test-method signature="testAlgo(java.lang.String, java.lang.String, java.lang.String)[pri:0, instance:com.ejemplo.selenium.TesttNGBBDD@5d0bf09b]" started-at="2025-10-03T08:21:54Z" name="testAlgo" data-provider="data1" finished-at="2025-10-03T08:21:54Z" duration-ms="478" status="PASS">
          <params>
            <param index="0">
              <value>
                <![CDATA[4]]>
              </value>
            </param>
            <param index="1">
              <value>
                <![CDATA[1]]>
              </value>
            </param>
            <param index="2">
              <value>
                <![CDATA[5]]>
              </value>
            </param>
          </params>
          <reporter-output>
          </reporter-output>
        </test-method> <!-- testAlgo -->
        <test-method is-config="true" signature="tearDown()[pri:0, instance:com.ejemplo.selenium.TesttNGBBDD@5d0bf09b]" started-at="2025-10-03T08:21:54Z" name="tearDown" finished-at="2025-10-03T08:21:54Z" duration-ms="77" status="PASS">
          <reporter-output>
          </reporter-output>
        </test-method> <!-- tearDown -->
        <test-method is-config="true" signature="antesDeCadaTest()[pri:0, instance:com.ejemplo.selenium.TesttNGBBDD@5d0bf09b]" started-at="2025-10-03T08:21:54Z" name="antesDeCadaTest" finished-at="2025-10-03T08:21:55Z" duration-ms="949" status="PASS">
          <reporter-output>
          </reporter-output>
        </test-method> <!-- antesDeCadaTest -->
        <test-method signature="testAlgo(java.lang.String, java.lang.String, java.lang.String)[pri:0, instance:com.ejemplo.selenium.TesttNGBBDD@5d0bf09b]" started-at="2025-10-03T08:21:55Z" name="testAlgo" data-provider="data1" finished-at="2025-10-03T08:21:56Z" duration-ms="548" status="FAIL">
          <params>
            <param index="0">
              <value>
                <![CDATA[1,1]]>
              </value>
            </param>
            <param index="1">
              <value>
                <![CDATA[1,3]]>
              </value>
            </param>
            <param index="2">
              <value>
                <![CDATA[2.4]]>
              </value>
            </param>
          </params>
          <exception class="java.lang.AssertionError">
            <message>
              <![CDATA[expected [2.4] but found [2]]]>
            </message>
            <full-stacktrace>
              <![CDATA[java.lang.AssertionError: expected [2.4] but found [2]
	at org.testng.Assert.fail(Assert.java:94)
	at org.testng.Assert.failNotEquals(Assert.java:496)
	at org.testng.Assert.assertEquals(Assert.java:125)
	at org.testng.Assert.assertEquals(Assert.java:178)
	at org.testng.Assert.assertEquals(Assert.java:188)
	at com.ejemplo.selenium.TesttNGBBDD.testAlgo(TesttNGBBDD.java:49)
	at java.base/jdk.internal.reflect.DirectMethodHandleAccessor.invoke(DirectMethodHandleAccessor.java:103)
	at java.base/java.lang.reflect.Method.invoke(Method.java:580)
	at org.testng.internal.MethodInvocationHelper.invokeMethod(MethodInvocationHelper.java:85)
	at org.testng.internal.Invoker.invokeMethod(Invoker.java:659)
	at org.testng.internal.Invoker.invokeTestMethod(Invoker.java:845)
	at org.testng.internal.Invoker.invokeTestMethods(Invoker.java:1153)
	at org.testng.internal.TestMethodWorker.invokeTestMethods(TestMethodWorker.java:125)
	at org.testng.internal.TestMethodWorker.run(TestMethodWorker.java:108)
	at org.testng.TestRunner.privateRun(TestRunner.java:771)
	at org.testng.TestRunner.run(TestRunner.java:621)
	at org.testng.SuiteRunner.runTest(SuiteRunner.java:357)
	at org.testng.SuiteRunner.runSequentially(SuiteRunner.java:352)
	at org.testng.SuiteRunner.privateRun(SuiteRunner.java:310)
	at org.testng.SuiteRunner.run(SuiteRunner.java:259)
	at org.testng.SuiteRunnerWorker.runSuite(SuiteRunnerWorker.java:52)
	at org.testng.SuiteRunnerWorker.run(SuiteRunnerWorker.java:86)
	at org.testng.TestNG.runSuitesSequentially(TestNG.java:1199)
	at org.testng.TestNG.runSuitesLocally(TestNG.java:1124)
	at org.testng.TestNG.run(TestNG.java:1032)
	at org.testng.remote.AbstractRemoteTestNG.run(AbstractRemoteTestNG.java:115)
	at org.testng.remote.RemoteTestNG.initAndRun(RemoteTestNG.java:293)
	at org.testng.remote.RemoteTestNG.main(RemoteTestNG.java:91)
]]>
            </full-stacktrace>
          </exception> <!-- java.lang.AssertionError -->
          <reporter-output>
          </reporter-output>
        </test-method> <!-- testAlgo -->
        <test-method is-config="true" signature="tearDown()[pri:0, instance:com.ejemplo.selenium.TesttNGBBDD@5d0bf09b]" started-at="2025-10-03T08:21:56Z" name="tearDown" finished-at="2025-10-03T08:21:56Z" duration-ms="92" status="PASS">
          <reporter-output>
          </reporter-output>
        </test-method> <!-- tearDown -->
        <test-method is-config="true" signature="antesDeCadaTest()[pri:0, instance:com.ejemplo.selenium.TesttNGBBDD@5d0bf09b]" started-at="2025-10-03T08:21:56Z" name="antesDeCadaTest" finished-at="2025-10-03T08:21:57Z" duration-ms="1036" status="PASS">
          <reporter-output>
          </reporter-output>
        </test-method> <!-- antesDeCadaTest -->
        <test-method signature="testAlgo(java.lang.String, java.lang.String, java.lang.String)[pri:0, instance:com.ejemplo.selenium.TesttNGBBDD@5d0bf09b]" started-at="2025-10-03T08:21:57Z" name="testAlgo" data-provider="data1" finished-at="2025-10-03T08:21:57Z" duration-ms="445" status="PASS">
          <params>
            <param index="0">
              <value>
                <![CDATA[1.1]]>
              </value>
            </param>
            <param index="1">
              <value>
                <![CDATA[1.1]]>
              </value>
            </param>
            <param index="2">
              <value>
                <![CDATA[2.2]]>
              </value>
            </param>
          </params>
          <reporter-output>
          </reporter-output>
        </test-method> <!-- testAlgo -->
        <test-method is-config="true" signature="tearDown()[pri:0, instance:com.ejemplo.selenium.TesttNGBBDD@5d0bf09b]" started-at="2025-10-03T08:21:57Z" name="tearDown" finished-at="2025-10-03T08:21:57Z" duration-ms="84" status="PASS">
          <reporter-output>
          </reporter-output>
        </test-method> <!-- tearDown -->
      </class> <!-- com.ejemplo.selenium.TesttNGBBDD -->
    </test> <!-- Default test -->
  </suite> <!-- Default suite -->
</testng-results>
